Arguments: 
  /usr/bin/node /usr/share/yarn/bin/yarn.js add vue-chartjs chart.js

PATH: 
  /home/lexx/.radicle/bin:/home/lexx/mambaforge/condabin:/home/lexx/.radicle/bin:/home/lexx/.cargo/bin:/usr/local/sbin:/usr/local/bin:/usr/sbin:/usr/bin:/sbin:/bin:/usr/games:/usr/local/games:/snap/bin:/snap/bin

Yarn version: 
  1.22.17

Node version: 
  16.13.1

Platform: 
  linux x64

Trace: 
  Error: https://registry.yarnpkg.com/balancer-sor: Not found
      at Request.params.callback [as _callback] (/usr/share/yarn/lib/cli.js:67029:18)
      at Request.self.callback (/usr/share/yarn/lib/cli.js:140883:22)
      at Request.emit (node:events:390:28)
      at Request.<anonymous> (/usr/share/yarn/lib/cli.js:141855:10)
      at Request.emit (node:events:390:28)
      at IncomingMessage.<anonymous> (/usr/share/yarn/lib/cli.js:141777:12)
      at Object.onceWrapper (node:events:509:28)
      at IncomingMessage.emit (node:events:402:35)
      at endReadableNT (node:internal/streams/readable:1343:12)
      at processTicksAndRejections (node:internal/process/task_queues:83:21)

npm manifest: 
  {
    "name": "balancer-frontend",
    "version": "1.0.0",
    "description": "Balancer Protocol Frontend",
    "license": "GPL-3.0-only",
    "repository": {
      "type": "git",
      "url": "git://github.com/balancer-labs/balancer-frontend.git"
    },
    "scripts": {
      "build": "webpack",
      "build-pinata": "webpack --env=pinata",
      "serve": "webpack-dev-server",
      "lint": "npm run eslint && npm run stylelint",
      "eslint": "eslint \"src/**/*.{js,ts,vue}\"",
      "stylelint": "stylelint \"src/**/*.vue\""
    },
    "dependencies": {
      "balancer-sor": "1.0.0-1",
      "balancer-assets": "1.0.0-1",
      "balancer-ethcall": "30.0.0",
      "@ethersproject/address": "^5.0.6",
      "@ethersproject/constants": "^5.0.6",
      "@ethersproject/contracts": "^5.0.6",
      "@ethersproject/logger": "^5.0.7",
      "@ethersproject/providers": "^5.0.15",
      "@ethersproject/wallet": "^5.0.8",
      "@metamask/jazzicon": "^2.0.0",
      "@portis/web3": "^2.0.0-beta.59",
      "@snapshot-labs/lock": "github:snapshot-labs/lock#a3694bb6b6e615968ee6e04e9a97007eace18c28",
      "@vueuse/core": "^4.0.0-beta.30",
      "@walletconnect/web3-provider": "^1.2.2",
      "bignumber.js": "^9.0.1",
      "dotenv-webpack": "^2.0.0",
      "fortmatic": "^2.0.6",
      "vue": "^3.0.2",
      "vue-router": "^4.0.0-rc.6",
      "vuex": "^4.0.0-rc.2",
      "walletlink": "^2.0.2"
    },
    "devDependencies": {
      "@typescript-eslint/eslint-plugin": "^2.29.0",
      "@typescript-eslint/parser": "^2.29.0",
      "@vue/compiler-sfc": "^3.0.2",
      "axios": "^0.20.0",
      "clean-webpack-plugin": "^3.0.0",
      "css-loader": "^3.2.0",
      "eslint": "^6.6.0",
      "eslint-plugin-vue": "^7.0.0-beta.4",
      "file-loader": "^6.0.0",
      "git-revision-webpack-plugin": "^3.0.6",
      "html-loader": "^1.3.2",
      "html-webpack-plugin": "^3.2.0",
      "style-loader": "^1.0.0",
      "stylelint": "^12.0.1",
      "stylelint-config-standard": "^19.0.0",
      "ts-loader": "^7.0.1",
      "typescript": "^3.8.3",
      "vue-loader": "^16.1.0",
      "webpack": "^4.43.0",
      "webpack-cli": "^3.3.11",
      "webpack-dev-server": "^3.11.0"
    }}

yarn manifest: 
  No manifest

Lockfile: 
  No lockfile
